#
# There is insufficient memory for the Java Runtime Environment to continue.
# Native memory allocation (malloc) failed to allocate 32744 bytes for ChunkPool::allocate
# Possible reasons:
#   The system is out of physical RAM or swap space
#   In 32 bit mode, the process size limit was hit
# Possible solutions:
#   Reduce memory load on the system
#   Increase physical memory or swap space
#   Check if swap backing store is full
#   Use 64 bit Java on a 64 bit OS
#   Decrease Java heap size (-Xmx/-Xms)
#   Decrease number of Java threads
#   Decrease Java thread stack sizes (-Xss)
#   Set larger code cache with -XX:ReservedCodeCacheSize=
# This output file may be truncated or incomplete.
#
#  Out of Memory Error (allocation.cpp:273), pid=1780, tid=0x00000000000029f8
#
# JRE version: Java(TM) SE Runtime Environment (8.0_181-b13) (build 1.8.0_181-b13)
# Java VM: Java HotSpot(TM) 64-Bit Server VM (25.181-b13 mixed mode windows-amd64 compressed oops)
# Failed to write core dump. Minidumps are not enabled by default on client versions of Windows
#

---------------  T H R E A D  ---------------

Current thread (0x000000001520b000):  JavaThread "C2 CompilerThread1" daemon [_thread_in_native, id=10744, stack(0x0000000016d10000,0x0000000016e10000)]

Stack: [0x0000000016d10000,0x0000000016e10000]
[error occurred during error reporting (printing stack bounds), id 0xc0000005]

Native frames: (J=compiled Java code, j=interpreted, Vv=VM code, C=native code)


Current CompileTask:
C2:  16767 3761       4       java.lang.Integer::parseInt (261 bytes)


---------------  P R O C E S S  ---------------

Java Threads: ( => current thread )
  0x00000000171b7000 JavaThread "container-0" [_thread_blocked, id=8008, stack(0x000000001e5f0000,0x000000001e6f0000)]
  0x000000001760d000 JavaThread "Catalina-utility-2" [_thread_blocked, id=12456, stack(0x000000001a840000,0x000000001a940000)]
  0x00000000181dd000 JavaThread "Catalina-utility-1" [_thread_blocked, id=17112, stack(0x0000000018a30000,0x0000000018b30000)]
  0x0000000016951000 JavaThread "Service Thread" daemon [_thread_blocked, id=11612, stack(0x0000000016f10000,0x0000000017010000)]
  0x000000001691c800 JavaThread "C1 CompilerThread2" daemon [_thread_blocked, id=18128, stack(0x0000000016e10000,0x0000000016f10000)]
=>0x000000001520b000 JavaThread "C2 CompilerThread1" daemon [_thread_in_native, id=10744, stack(0x0000000016d10000,0x0000000016e10000)]
  0x00000000151b9800 JavaThread "C2 CompilerThread0" daemon [_thread_in_native, id=14352, stack(0x0000000016810000,0x0000000016910000)]
  0x00000000151b7800 JavaThread "Attach Listener" daemon [_thread_blocked, id=14380, stack(0x0000000016710000,0x0000000016810000)]
  0x00000000151b6800 JavaThread "Signal Dispatcher" daemon [_thread_blocked, id=19404, stack(0x0000000016610000,0x0000000016710000)]
  0x0000000002c8e800 JavaThread "Finalizer" daemon [_thread_blocked, id=5264, stack(0x0000000016400000,0x0000000016500000)]
  0x0000000002c89000 JavaThread "Reference Handler" daemon [_thread_blocked, id=18896, stack(0x0000000016300000,0x0000000016400000)]
  0x0000000002b99000 JavaThread "main" [_thread_in_Java, id=16112, stack(0x0000000002a60000,0x0000000002b60000)]

Other Threads:
  0x0000000015177800 VMThread [stack: 0x0000000016200000,0x0000000016300000] [id=16204]
  0x0000000016953000 WatcherThread [stack: 0x0000000017010000,0x0000000017110000] [id=14948]

VM state:not at safepoint (normal execution)

VM Mutex/Monitor currently owned by a thread: None

Heap:
 PSYoungGen      total 169472K, used 87943K [0x00000000ebc00000, 0x00000000f7900000, 0x0000000100000000)
  eden space 160256K, 54% used [0x00000000ebc00000,0x00000000f11e1f40,0x00000000f5880000)
  from space 9216K, 0% used [0x00000000f6200000,0x00000000f6200000,0x00000000f6b00000)
  to   space 9728K, 0% used [0x00000000f5880000,0x00000000f5880000,0x00000000f6200000)
 ParOldGen       total 44032K, used 14360K [0x00000000c3400000, 0x00000000c5f00000, 0x00000000ebc00000)
  object space 44032K, 32% used [0x00000000c3400000,0x00000000c42061a0,0x00000000c5f00000)
 Metaspace       used 40587K, capacity 42218K, committed 42368K, reserved 1085440K
  class space    used 5442K, capacity 5754K, committed 5760K, reserved 1048576K

Card table byte_map: [0x0000000012060000,0x0000000012250000] byte_map_base: 0x0000000011a46000

Marking Bits: (ParMarkBitMap*) 0x0000000067592d00
 Begin Bits: [0x00000000127a0000, 0x00000000136d0000)
 End Bits:   [0x00000000136d0000, 0x0000000014600000)

Polling page: 0x0000000002b60000

CodeCache: size=245760Kb used=11289Kb max_used=12522Kb free=234470Kb
 bounds [0x0000000002ca0000, 0x0000000003920000, 0x0000000011ca0000]
 total_blobs=3667 nmethods=3243 adapters=336
 compilation: enabled

Compilation events (10 events):
Event: 16.731 Thread 0x000000001691c800 nmethod 3754 0x0000000002f68f90 code [0x0000000002f692c0, 0x0000000002f6ab08]
Event: 16.731 Thread 0x000000001691c800 3755       3       java.net.URI::access$1200 (4 bytes)
Event: 16.731 Thread 0x000000001691c800 nmethod 3755 0x0000000003599f10 code [0x000000000359a060, 0x000000000359a190]
Event: 16.746 Thread 0x000000001520b000 3756       4       java.lang.CharacterDataLatin1::digit (91 bytes)
Event: 16.748 Thread 0x000000001691c800 3757       3       java.math.BigInteger::destructiveMulAdd (150 bytes)
Event: 16.748 Thread 0x000000001520b000 nmethod 3756 0x0000000003879750 code [0x00000000038798a0, 0x00000000038799d8]
Event: 16.748 Thread 0x000000001691c800 nmethod 3757 0x0000000003095390 code [0x0000000003095500, 0x0000000003095870]
Event: 16.748 Thread 0x00000000151b9800 3758       4       java.util.HashMap::put (13 bytes)
Event: 16.752 Thread 0x000000001691c800 3759       3       sun.security.util.DerOutputStream::putLength (147 bytes)
Event: 16.752 Thread 0x000000001520b000 3761       4       java.lang.Integer::parseInt (261 bytes)

GC Heap History (10 events):
Event: 2.886 GC heap before
{Heap before GC invocations=8 (full 1):
 PSYoungGen      total 68608K, used 5845K [0x00000000ebc00000, 0x00000000f4300000, 0x0000000100000000)
  eden space 62464K, 0% used [0x00000000ebc00000,0x00000000ebc00000,0x00000000ef900000)
  from space 6144K, 95% used [0x00000000ef900000,0x00000000efeb57c8,0x00000000eff00000)
  to   space 6656K, 0% used [0x00000000f3c80000,0x00000000f3c80000,0x00000000f4300000)
 ParOldGen       total 42496K, used 7430K [0x00000000c3400000, 0x00000000c5d80000, 0x00000000ebc00000)
  object space 42496K, 17% used [0x00000000c3400000,0x00000000c3b419b8,0x00000000c5d80000)
 Metaspace       used 20503K, capacity 21124K, committed 21296K, reserved 1067008K
  class space    used 2666K, capacity 2835K, committed 2944K, reserved 1048576K
Event: 2.923 GC heap after
Heap after GC invocations=8 (full 1):
 PSYoungGen      total 68608K, used 0K [0x00000000ebc00000, 0x00000000f4300000, 0x0000000100000000)
  eden space 62464K, 0% used [0x00000000ebc00000,0x00000000ebc00000,0x00000000ef900000)
  from space 6144K, 0% used [0x00000000ef900000,0x00000000ef900000,0x00000000eff00000)
  to   space 6656K, 0% used [0x00000000f3c80000,0x00000000f3c80000,0x00000000f4300000)
 ParOldGen       total 31232K, used 8080K [0x00000000c3400000, 0x00000000c5280000, 0x00000000ebc00000)
  object space 31232K, 25% used [0x00000000c3400000,0x00000000c3be40c8,0x00000000c5280000)
 Metaspace       used 20502K, capacity 21118K, committed 21296K, reserved 1067008K
  class space    used 2665K, capacity 2834K, committed 2944K, reserved 1048576K
}
Event: 3.947 GC heap before
{Heap before GC invocations=9 (full 1):
 PSYoungGen      total 68608K, used 62437K [0x00000000ebc00000, 0x00000000f4300000, 0x0000000100000000)
  eden space 62464K, 99% used [0x00000000ebc00000,0x00000000ef8f9540,0x00000000ef900000)
  from space 6144K, 0% used [0x00000000ef900000,0x00000000ef900000,0x00000000eff00000)
  to   space 6656K, 0% used [0x00000000f3c80000,0x00000000f3c80000,0x00000000f4300000)
 ParOldGen       total 31232K, used 8080K [0x00000000c3400000, 0x00000000c5280000, 0x00000000ebc00000)
  object space 31232K, 25% used [0x00000000c3400000,0x00000000c3be40c8,0x00000000c5280000)
 Metaspace       used 23073K, capacity 23826K, committed 24064K, reserved 1071104K
  class space    used 2996K, capacity 3202K, committed 3328K, reserved 1048576K
Event: 4.045 GC heap after
Heap after GC invocations=9 (full 1):
 PSYoungGen      total 116736K, used 4718K [0x00000000ebc00000, 0x00000000f4180000, 0x0000000100000000)
  eden space 111616K, 0% used [0x00000000ebc00000,0x00000000ebc00000,0x00000000f2900000)
  from space 5120K, 92% used [0x00000000f3c80000,0x00000000f411b900,0x00000000f4180000)
  to   space 6656K, 0% used [0x00000000f3480000,0x00000000f3480000,0x00000000f3b00000)
 ParOldGen       total 31232K, used 8088K [0x00000000c3400000, 0x00000000c5280000, 0x00000000ebc00000)
  object space 31232K, 25% used [0x00000000c3400000,0x00000000c3be60c8,0x00000000c5280000)
 Metaspace       used 23073K, capacity 23826K, committed 24064K, reserved 1071104K
  class space    used 2996K, capacity 3202K, committed 3328K, reserved 1048576K
}
Event: 8.975 GC heap before
{Heap before GC invocations=10 (full 1):
 PSYoungGen      total 116736K, used 116334K [0x00000000ebc00000, 0x00000000f4180000, 0x0000000100000000)
  eden space 111616K, 100% used [0x00000000ebc00000,0x00000000f2900000,0x00000000f2900000)
  from space 5120K, 92% used [0x00000000f3c80000,0x00000000f411b900,0x00000000f4180000)
  to   space 6656K, 0% used [0x00000000f3480000,0x00000000f3480000,0x00000000f3b00000)
 ParOldGen       total 31232K, used 8088K [0x00000000c3400000, 0x00000000c5280000, 0x00000000ebc00000)
  object space 31232K, 25% used [0x00000000c3400000,0x00000000c3be60c8,0x00000000c5280000)
 Metaspace       used 30886K, capacity 32382K, committed 32512K, reserved 1077248K
  class space    used 4046K, capacity 4334K, committed 4352K, reserved 1048576K
Event: 8.994 GC heap after
Heap after GC invocations=10 (full 1):
 PSYoungGen      total 130048K, used 6648K [0x00000000ebc00000, 0x00000000f6b00000, 0x0000000100000000)
  eden space 123392K, 0% used [0x00000000ebc00000,0x00000000ebc00000,0x00000000f3480000)
  from space 6656K, 99% used [0x00000000f3480000,0x00000000f3afe368,0x00000000f3b00000)
  to   space 9216K, 0% used [0x00000000f6200000,0x00000000f6200000,0x00000000f6b00000)
 ParOldGen       total 31232K, used 12778K [0x00000000c3400000, 0x00000000c5280000, 0x00000000ebc00000)
  object space 31232K, 40% used [0x00000000c3400000,0x00000000c407ab20,0x00000000c5280000)
 Metaspace       used 30886K, capacity 32382K, committed 32512K, reserved 1077248K
  class space    used 4046K, capacity 4334K, committed 4352K, reserved 1048576K
}
Event: 11.380 GC heap before
{Heap before GC invocations=11 (full 1):
 PSYoungGen      total 130048K, used 103814K [0x00000000ebc00000, 0x00000000f6b00000, 0x0000000100000000)
  eden space 123392K, 78% used [0x00000000ebc00000,0x00000000f1ae37d8,0x00000000f3480000)
  from space 6656K, 99% used [0x00000000f3480000,0x00000000f3afe368,0x00000000f3b00000)
  to   space 9216K, 0% used [0x00000000f6200000,0x00000000f6200000,0x00000000f6b00000)
 ParOldGen       total 31232K, used 12778K [0x00000000c3400000, 0x00000000c5280000, 0x00000000ebc00000)
  object space 31232K, 40% used [0x00000000c3400000,0x00000000c407ab20,0x00000000c5280000)
 Metaspace       used 33893K, capacity 35398K, committed 35456K, reserved 1079296K
  class space    used 4385K, capacity 4680K, committed 4736K, reserved 1048576K
Event: 11.392 GC heap after
Heap after GC invocations=11 (full 1):
 PSYoungGen      total 169472K, used 7989K [0x00000000ebc00000, 0x00000000f7900000, 0x0000000100000000)
  eden space 160256K, 0% used [0x00000000ebc00000,0x00000000ebc00000,0x00000000f5880000)
  from space 9216K, 86% used [0x00000000f6200000,0x00000000f69cd450,0x00000000f6b00000)
  to   space 9728K, 0% used [0x00000000f5880000,0x00000000f5880000,0x00000000f6200000)
 ParOldGen       total 31232K, used 14432K [0x00000000c3400000, 0x00000000c5280000, 0x00000000ebc00000)
  object space 31232K, 46% used [0x00000000c3400000,0x00000000c42183f0,0x00000000c5280000)
 Metaspace       used 33893K, capacity 35398K, committed 35456K, reserved 1079296K
  class space    used 4385K, capacity 4680K, committed 4736K, reserved 1048576K
}
Event: 11.392 GC heap before
{Heap before GC invocations=12 (full 2):
 PSYoungGen      total 169472K, used 7989K [0x00000000ebc00000, 0x00000000f7900000, 0x0000000100000000)
  eden space 160256K, 0% used [0x00000000ebc00000,0x00000000ebc00000,0x00000000f5880000)
  from space 9216K, 86% used [0x00000000f6200000,0x00000000f69cd450,0x00000000f6b00000)
  to   space 9728K, 0% used [0x00000000f5880000,0x00000000f5880000,0x00000000f6200000)
 ParOldGen       total 31232K, used 14432K [0x00000000c3400000, 0x00000000c5280000, 0x00000000ebc00000)
  object space 31232K, 46% used [0x00000000c3400000,0x00000000c42183f0,0x00000000c5280000)
 Metaspace       used 33893K, capacity 35398K, committed 35456K, reserved 1079296K
  class space    used 4385K, capacity 4680K, committed 4736K, reserved 1048576K
Event: 11.453 GC heap after
Heap after GC invocations=12 (full 2):
 PSYoungGen      total 169472K, used 0K [0x00000000ebc00000, 0x00000000f7900000, 0x0000000100000000)
  eden space 160256K, 0% used [0x00000000ebc00000,0x00000000ebc00000,0x00000000f5880000)
  from space 9216K, 0% used [0x00000000f6200000,0x00000000f6200000,0x00000000f6b00000)
  to   space 9728K, 0% used [0x00000000f5880000,0x00000000f5880000,0x00000000f6200000)
 ParOldGen       total 44032K, used 14360K [0x00000000c3400000, 0x00000000c5f00000, 0x00000000ebc00000)
  object space 44032K, 32% used [0x00000000c3400000,0x00000000c42061a0,0x00000000c5f00000)
 Metaspace       used 33893K, capacity 35398K, committed 35456K, reserved 1079296K
  class space    used 4385K, capacity 4680K, committed 4736K, reserved 1048576K
}

Deoptimization events (10 events):
Event: 11.678 Thread 0x0000000002b99000 Uncommon trap: reason=unstable_if action=reinterpret pc=0x0000000002f7de7c method=java.lang.CharacterDataLatin1.isWhitespace(I)Z @ 14
Event: 11.736 Thread 0x0000000002b99000 Uncommon trap: reason=unstable_if action=reinterpret pc=0x000000000339186c method=java.security.CodeSource.getCertificates()[Ljava/security/cert/Certificate; @ 22
Event: 11.786 Thread 0x0000000002b99000 Uncommon trap: reason=unstable_if action=reinterpret pc=0x00000000034c5ac4 method=java.util.jar.JarFile.maybeInstantiateVerifier()V @ 75
Event: 11.788 Thread 0x0000000002b99000 Uncommon trap: reason=class_check action=maybe_recompile pc=0x0000000002f08614 method=java.util.jar.JarFile.getJarEntry(Ljava/lang/String;)Ljava/util/jar/JarEntry; @ 2
Event: 11.788 Thread 0x0000000002b99000 Uncommon trap: reason=class_check action=maybe_recompile pc=0x0000000002f08614 method=java.util.jar.JarFile.getJarEntry(Ljava/lang/String;)Ljava/util/jar/JarEntry; @ 2
Event: 11.789 Thread 0x0000000002b99000 Uncommon trap: reason=class_check action=maybe_recompile pc=0x0000000002f08614 method=java.util.jar.JarFile.getJarEntry(Ljava/lang/String;)Ljava/util/jar/JarEntry; @ 2
Event: 11.798 Thread 0x0000000002b99000 Uncommon trap: reason=unstable_if action=reinterpret pc=0x0000000002f1e994 method=java.lang.AbstractStringBuilder.append(Ljava/lang/String;)Ljava/lang/AbstractStringBuilder; @ 1
Event: 11.804 Thread 0x0000000002b99000 Uncommon trap: reason=class_check action=maybe_recompile pc=0x0000000002f0d25c method=org.springframework.core.annotation.TypeMappedAnnotations$MergedAnnotationFinder.process(Ljava/lang/Object;ILjava/lang/Object;Ljava/lang/annotation/Annotation;)Lorg/spri
Event: 12.958 Thread 0x0000000002b99000 Uncommon trap: reason=class_check action=maybe_recompile pc=0x0000000002e25ae4 method=java.lang.reflect.Executable.getAnnotation(Ljava/lang/Class;)Ljava/lang/annotation/Annotation; @ 19
Event: 16.748 Thread 0x0000000002b99000 Uncommon trap: reason=bimorphic action=maybe_recompile pc=0x000000000321f02c method=java.util.HashMap.putVal(ILjava/lang/Object;Ljava/lang/Object;ZZ)Ljava/lang/Object; @ 203

Classes redefined (0 events):
No events

Internal exceptions (10 events):
Event: 5.949 Thread 0x0000000002b99000 Exception <a 'java/lang/ClassNotFoundException': org/springframework/context/annotation/ImportAwareCustomizer> (0x00000000f101b318) thrown at [C:\re\workspace\8-2-build-windows-amd64-cygwin\jdk8u181\11358\hotspot\src\share\vm\classfile\systemDictionary.cp
Event: 5.950 Thread 0x0000000002b99000 Exception <a 'java/lang/ClassNotFoundException': org/springframework/beans/factory/AwareCustomizer> (0x00000000f1039850) thrown at [C:\re\workspace\8-2-build-windows-amd64-cygwin\jdk8u181\11358\hotspot\src\share\vm\classfile\systemDictionary.cpp, line 210
Event: 5.951 Thread 0x0000000002b99000 Implicit null exception at 0x000000000357dc4c to 0x000000000357dddd
Event: 6.545 Thread 0x0000000002b99000 Implicit null exception at 0x00000000035f1d67 to 0x00000000035f1e35
Event: 6.757 Thread 0x0000000002b99000 Exception <a 'java/lang/NoSuchMethodError': java.lang.Object.lambda$and$0(Ljava/util/function/Predicate;Ljava/lang/Object;)Z> (0x00000000f18ba580) thrown at [C:\re\workspace\8-2-build-windows-amd64-cygwin\jdk8u181\11358\hotspot\src\share\vm\interpreter\li
Event: 6.845 Thread 0x0000000002b99000 Implicit null exception at 0x0000000003612c49 to 0x0000000003613d81
Event: 6.845 Thread 0x0000000002b99000 Implicit null exception at 0x00000000035f13c4 to 0x00000000035f1515
Event: 9.599 Thread 0x0000000002b99000 Exception <a 'java/io/FileNotFoundException'> (0x00000000ef465100) thrown at [C:\re\workspace\8-2-build-windows-amd64-cygwin\jdk8u181\11358\hotspot\src\share\vm\prims\jni.cpp, line 709]
Event: 11.100 Thread 0x0000000002b99000 Exception <a 'java/io/FileNotFoundException'> (0x00000000f1720c90) thrown at [C:\re\workspace\8-2-build-windows-amd64-cygwin\jdk8u181\11358\hotspot\src\share\vm\prims\jni.cpp, line 709]
Event: 11.798 Thread 0x0000000002b99000 Implicit null exception at 0x0000000002f1e5d4 to 0x0000000002f1e97d

Events (10 events):
Event: 16.742 loading class sun/security/ec/NamedCurve done
Event: 16.742 loading class java/security/spec/ECParameterSpec
Event: 16.742 loading class java/security/spec/AlgorithmParameterSpec
Event: 16.742 loading class java/security/spec/AlgorithmParameterSpec done
Event: 16.742 loading class java/security/spec/ECParameterSpec done
Event: 16.748 Thread 0x0000000002b99000 Uncommon trap: trap_request=0xffffffc6 fr.pc=0x000000000321f02c
Event: 16.748 Thread 0x0000000002b99000 DEOPT PACKING pc=0x000000000321f02c sp=0x0000000002b57b40
Event: 16.748 Thread 0x0000000002b99000 DEOPT UNPACKING pc=0x0000000002ce583b sp=0x0000000002b57a58 mode 2
Event: 16.750 loading class java/security/spec/ECFieldF2m
Event: 16.750 loading class java/security/spec/ECFieldF2m done


Dynamic libraries:
0x00007ff6097b0000 - 0x00007ff6097e7000 	C:\Program Files\Java\jre1.8.0_181\bin\javaw.exe
0x00007ffbf7550000 - 0x00007ffbf7764000 	C:\WINDOWS\SYSTEM32\ntdll.dll
0x00007ffbf6de0000 - 0x00007ffbf6ea2000 	C:\WINDOWS\System32\KERNEL32.DLL
0x00007ffbf4bc0000 - 0x00007ffbf4f5c000 	C:\WINDOWS\System32\KERNELBASE.dll
0x00007ffbf61e0000 - 0x00007ffbf628e000 	C:\WINDOWS\System32\ADVAPI32.dll
0x00007ffbf6d30000 - 0x00007ffbf6dd7000 	C:\WINDOWS\System32\msvcrt.dll
0x00007ffbf6320000 - 0x00007ffbf63c4000 	C:\WINDOWS\System32\sechost.dll
0x00007ffbf5a90000 - 0x00007ffbf5ba5000 	C:\WINDOWS\System32\RPCRT4.dll
0x00007ffbf57a0000 - 0x00007ffbf594a000 	C:\WINDOWS\System32\USER32.dll
0x00007ffbf5020000 - 0x00007ffbf5046000 	C:\WINDOWS\System32\win32u.dll
0x00007ffbf5ef0000 - 0x00007ffbf5f19000 	C:\WINDOWS\System32\GDI32.dll
0x00007ffbf4980000 - 0x00007ffbf4a92000 	C:\WINDOWS\System32\gdi32full.dll
0x00007ffbf4aa0000 - 0x00007ffbf4b3a000 	C:\WINDOWS\System32\msvcp_win.dll
0x00007ffbf5050000 - 0x00007ffbf5161000 	C:\WINDOWS\System32\ucrtbase.dll
0x00007ffbdec70000 - 0x00007ffbdeefe000 	C:\WINDOWS\WinSxS\amd64_microsoft.windows.common-controls_6595b64144ccf1df_6.0.22621.608_none_a9444ca7c10bb01d\COMCTL32.dll
0x00007ffbf6bb0000 - 0x00007ffbf6be1000 	C:\WINDOWS\System32\IMM32.DLL
0x0000000067620000 - 0x00000000676f2000 	C:\Program Files\Java\jre1.8.0_181\bin\msvcr100.dll
0x0000000066d70000 - 0x0000000067612000 	C:\Program Files\Java\jre1.8.0_181\bin\server\jvm.dll
0x00007ffbf61c0000 - 0x00007ffbf61c8000 	C:\WINDOWS\System32\PSAPI.DLL
0x00007ffbd83e0000 - 0x00007ffbd83e9000 	C:\WINDOWS\SYSTEM32\WSOCK32.dll
0x00007ffbf6f10000 - 0x00007ffbf6f81000 	C:\WINDOWS\System32\WS2_32.dll
0x00007ffbec030000 - 0x00007ffbec064000 	C:\WINDOWS\SYSTEM32\WINMM.dll
0x00007ffbed920000 - 0x00007ffbed92a000 	C:\WINDOWS\SYSTEM32\VERSION.dll
0x0000000066d60000 - 0x0000000066d6f000 	C:\Program Files\Java\jre1.8.0_181\bin\verify.dll
0x0000000066d30000 - 0x0000000066d59000 	C:\Program Files\Java\jre1.8.0_181\bin\java.dll
0x0000000066d10000 - 0x0000000066d26000 	C:\Program Files\Java\jre1.8.0_181\bin\zip.dll
0x00007ffbf63d0000 - 0x00007ffbf6bad000 	C:\WINDOWS\System32\SHELL32.dll
0x00007ffbf2990000 - 0x00007ffbf3247000 	C:\WINDOWS\SYSTEM32\windows.storage.dll
0x00007ffbf5410000 - 0x00007ffbf5799000 	C:\WINDOWS\System32\combase.dll
0x00007ffbf2850000 - 0x00007ffbf298d000 	C:\WINDOWS\SYSTEM32\wintypes.dll
0x00007ffbf5f20000 - 0x00007ffbf6011000 	C:\WINDOWS\System32\SHCORE.dll
0x00007ffbf6eb0000 - 0x00007ffbf6f0e000 	C:\WINDOWS\System32\shlwapi.dll
0x00007ffbf48b0000 - 0x00007ffbf48d1000 	C:\WINDOWS\SYSTEM32\profapi.dll
0x0000000066d00000 - 0x0000000066d0d000 	C:\Program Files\Java\jre1.8.0_181\bin\management.dll
0x0000000066ca0000 - 0x0000000066cba000 	C:\Program Files\Java\jre1.8.0_181\bin\net.dll
0x00007ffbf3e20000 - 0x00007ffbf3e89000 	C:\WINDOWS\system32\mswsock.dll
0x00007ffbb68a0000 - 0x00007ffbb68b7000 	C:\WINDOWS\system32\napinsp.dll
0x00007ffbb39a0000 - 0x00007ffbb39bb000 	C:\WINDOWS\system32\pnrpnsp.dll
0x00007ffbf3560000 - 0x00007ffbf3652000 	C:\WINDOWS\SYSTEM32\DNSAPI.dll
0x00007ffbf34e0000 - 0x00007ffbf350d000 	C:\WINDOWS\SYSTEM32\IPHLPAPI.DLL
0x00007ffbf5a80000 - 0x00007ffbf5a89000 	C:\WINDOWS\System32\NSI.dll
0x00007ffbb3950000 - 0x00007ffbb3961000 	C:\WINDOWS\System32\winrnr.dll
0x00007ffbe9f20000 - 0x00007ffbe9f35000 	C:\WINDOWS\system32\wshbth.dll
0x00007ffbb3920000 - 0x00007ffbb3941000 	C:\WINDOWS\system32\nlansp_c.dll
0x00007ffbe3610000 - 0x00007ffbe361a000 	C:\Windows\System32\rasadhlp.dll
0x00007ffbe9ae0000 - 0x00007ffbe9b63000 	C:\WINDOWS\System32\fwpuclnt.dll
0x0000000066c80000 - 0x0000000066c91000 	C:\Program Files\Java\jre1.8.0_181\bin\nio.dll
0x00007ffbf4050000 - 0x00007ffbf406b000 	C:\WINDOWS\SYSTEM32\CRYPTSP.dll
0x00007ffbf3930000 - 0x00007ffbf3965000 	C:\WINDOWS\system32\rsaenh.dll
0x00007ffbf3ee0000 - 0x00007ffbf3f08000 	C:\WINDOWS\SYSTEM32\USERENV.dll
0x00007ffbf4240000 - 0x00007ffbf4268000 	C:\WINDOWS\SYSTEM32\bcrypt.dll
0x00007ffbf4b40000 - 0x00007ffbf4bbb000 	C:\WINDOWS\System32\bcryptprimitives.dll
0x00007ffbf4070000 - 0x00007ffbf407c000 	C:\WINDOWS\SYSTEM32\CRYPTBASE.dll
0x00007ffbebac0000 - 0x00007ffbebad9000 	C:\WINDOWS\SYSTEM32\dhcpcsvc6.DLL
0x00007ffbebaa0000 - 0x00007ffbebabf000 	C:\WINDOWS\SYSTEM32\dhcpcsvc.DLL
0x0000000066cd0000 - 0x0000000066cf4000 	C:\Program Files\Java\jre1.8.0_181\bin\sunec.dll

VM Arguments:
jvm_args: -Dfile.encoding=UTF-8 
java_command: com.laptrinhoop.SpringBootWebsales2020Application
java_class_path (initial): C:\Users\tuan anh\Desktop\java-v3\ecommerce-websales-main\target\classes;C:\Users\tuan anh\.m2\repository\org\apache\logging\log4j\log4j-core\2.11.1\log4j-core-2.11.1.jar;C:\Users\tuan anh\.m2\repository\org\apache\logging\log4j\log4j-api\2.12.1\log4j-api-2.12.1.jar;C:\Users\tuan anh\.m2\repository\org\springframework\boot\spring-boot-starter-amqp\2.2.1.RELEASE\spring-boot-starter-amqp-2.2.1.RELEASE.jar;C:\Users\tuan anh\.m2\repository\org\springframework\boot\spring-boot-starter\2.2.1.RELEASE\spring-boot-starter-2.2.1.RELEASE.jar;C:\Users\tuan anh\.m2\repository\org\springframework\boot\spring-boot\2.2.1.RELEASE\spring-boot-2.2.1.RELEASE.jar;C:\Users\tuan anh\.m2\repository\org\springframework\boot\spring-boot-autoconfigure\2.2.1.RELEASE\spring-boot-autoconfigure-2.2.1.RELEASE.jar;C:\Users\tuan anh\.m2\repository\org\springframework\boot\spring-boot-starter-logging\2.2.1.RELEASE\spring-boot-starter-logging-2.2.1.RELEASE.jar;C:\Users\tuan anh\.m2\repository\ch\qos\logback\logback-classic\1.2.3\logback-classic-1.2.3.jar;C:\Users\tuan anh\.m2\repository\ch\qos\logback\logback-core\1.2.3\logback-core-1.2.3.jar;C:\Users\tuan anh\.m2\repository\org\apache\logging\log4j\log4j-to-slf4j\2.12.1\log4j-to-slf4j-2.12.1.jar;C:\Users\tuan anh\.m2\repository\org\slf4j\jul-to-slf4j\1.7.29\jul-to-slf4j-1.7.29.jar;C:\Users\tuan anh\.m2\repository\org\yaml\snakeyaml\1.25\snakeyaml-1.25.jar;C:\Users\tuan anh\.m2\repository\org\springframework\spring-messaging\5.2.1.RELEASE\spring-messaging-5.2.1.RELEASE.jar;C:\Users\tuan anh\.m2\repository\org\springframework\spring-beans\5.2.1.RELEASE\spring-beans-5.2.1.RELEASE.jar;C:\Users\tuan anh\.m2\repository\org\springframework\amqp\spring-rabbit\2.2.1.RELEASE\spring-rabbit-2.2.1.RELEASE.jar;C:\Users\tuan anh\.m2\repository\com\rabbitmq\amqp-client\5.7.3\amqp-client-5.7.3.jar;C:\Users\tuan anh\.m2\repository\org\springframework\amqp\spring-amqp\2.2.1.RELEASE\spring-amqp-2.2.1.RELEASE.jar;C:\Users\tuan anh\.m2\reposit
Launcher Type: SUN_STANDARD

Environment Variables:
CLASSPATH=C:\Program Files\Java\jdk-18\lib
PATH=C:/Users/tuan anh/Desktop/eclipse//plugins/org.eclipse.justj.openjdk.hotspot.jre.full.win32.x86_64_17.0.4.v20220903-1038/jre/bin/server;C:/Users/tuan anh/Desktop/eclipse//plugins/org.eclipse.justj.openjdk.hotspot.jre.full.win32.x86_64_17.0.4.v20220903-1038/jre/bin;C:\Program Files (x86)\Common Files\Oracle\Java\javapath;C:\Program Files (x86)\Common Files\Intel\Shared Libraries\redist\intel64\compiler;C:\WINDOWS\system32;C:\WINDOWS;C:\WINDOWS\System32\Wbem;C:\WINDOWS\System32\WindowsPowerShell\v1.0\;C:\WINDOWS\System32\OpenSSH\;C:\Program Files\dotnet\;C:\Program Files\Microsoft SQL Server\Client SDK\ODBC\170\Tools\Binn\;C:\Program Files\Git\cmd;C:\Program Files (x86)\Microsoft SQL Server\150\Tools\Binn\;C:\Program Files\Microsoft SQL Server\150\Tools\Binn\;C:\Program Files\Microsoft SQL Server\150\DTS\Binn\;C:\Program Files\Azure Data Studio\bin;C:\Program Files\nodejs\;C:\Program Files\Docker\Docker\resources\bin;C:\ProgramData\DockerDesktop\version-bin;C:\WINDOWS\system32;C:\WINDOWS;C:\WINDOWS\System32\Wbem;C:\WINDOWS\System32\WindowsPowerShell\v1.0\;C:\WINDOWS\System32\OpenSSH\;C:\Program Files\Cloudflare\Cloudflare WARP\;C:\Users\tuan anh\Documents\apache-maven-3.8.6\bin;C:\Program Files (x86)\Microsoft SQL Server\150\DTS\Binn\;C:\Program Files\MySQL\MySQL Shell 8.0\bin\;C:\Program Files\Java\jdk1.8.0_181\bin;C:\Users\tuan anh\.dotnet\tools;C:\Users\tuan anh\AppData\Local\Programs\Microsoft VS Code\bin;C:\Users\tuan anh\AppData\Roaming\npm;C:\Users\tuan anh\AppData\Local\Programs\Azure Data Studio\bin;C:\Users\tuan anh\AppData\Local\Microsoft\WindowsApps;;C:\Users\tuan anh\Desktop\eclipse;
USERNAME=tuan anh
OS=Windows_NT
PROCESSOR_IDENTIFIER=Intel64 Family 6 Model 126 Stepping 5, GenuineIntel



---------------  S Y S T E M  ---------------

OS: Windows 10.0 , 64 bit Build 22621 (10.0.22621.608)

CPU:total 4 (initial active 4) (2 cores per cpu, 2 threads per core) family 6 model 126 stepping 5, cmov, cx8, fxsr, mmx, sse, sse2, sse3, ssse3, sse4.1, sse4.2, popcnt, avx, avx2, aes, clmul, erms, 3dnowpref, lzcnt, ht, tsc, tscinvbit, bmi1, bmi2, adx

Memory: 4k page, physical 3978360k(467684k free), swap 16036984k(17024k free)

vm_info: Java HotSpot(TM) 64-Bit Server VM (25.181-b13) for windows-amd64 JRE (1.8.0_181-b13), built on Jul  7 2018 04:01:33 by "java_re" with MS VC++ 10.0 (VS2010)

time: Wed Oct 26 23:13:46 2022
elapsed time: 16 seconds (0d 0h 0m 16s)

