#
# There is insufficient memory for the Java Runtime Environment to continue.
# Native memory allocation (malloc) failed to allocate 264416 bytes for Chunk::new
# Possible reasons:
#   The system is out of physical RAM or swap space
#   In 32 bit mode, the process size limit was hit
# Possible solutions:
#   Reduce memory load on the system
#   Increase physical memory or swap space
#   Check if swap backing store is full
#   Use 64 bit Java on a 64 bit OS
#   Decrease Java heap size (-Xmx/-Xms)
#   Decrease number of Java threads
#   Decrease Java thread stack sizes (-Xss)
#   Set larger code cache with -XX:ReservedCodeCacheSize=
# This output file may be truncated or incomplete.
#
#  Out of Memory Error (allocation.cpp:390), pid=14252, tid=0x0000000000003afc
#
# JRE version: Java(TM) SE Runtime Environment (8.0_181-b13) (build 1.8.0_181-b13)
# Java VM: Java HotSpot(TM) 64-Bit Server VM (25.181-b13 mixed mode windows-amd64 compressed oops)
# Failed to write core dump. Minidumps are not enabled by default on client versions of Windows
#

---------------  T H R E A D  ---------------

Current thread (0x0000000014da9800):  JavaThread "C2 CompilerThread0" daemon [_thread_in_native, id=15100, stack(0x0000000016420000,0x0000000016520000)]

Stack: [0x0000000016420000,0x0000000016520000]
[error occurred during error reporting (printing stack bounds), id 0xc0000005]

Native frames: (J=compiled Java code, j=interpreted, Vv=VM code, C=native code)


Current CompileTask:
C2:  15740 3731       4       sun.security.provider.SHA::implCompress (491 bytes)


---------------  P R O C E S S  ---------------

Java Threads: ( => current thread )
  0x0000000014dcb000 JavaThread "container-0" [_thread_blocked, id=13752, stack(0x000000001e0d0000,0x000000001e1d0000)]
  0x0000000014dc9800 JavaThread "Catalina-utility-2" [_thread_blocked, id=11780, stack(0x000000001dfd0000,0x000000001e0d0000)]
  0x0000000014dc8800 JavaThread "Catalina-utility-1" [_thread_blocked, id=3692, stack(0x0000000018640000,0x0000000018740000)]
  0x0000000016531000 JavaThread "Service Thread" daemon [_thread_blocked, id=11708, stack(0x0000000016b20000,0x0000000016c20000)]
  0x000000001652d000 JavaThread "C1 CompilerThread2" daemon [_thread_blocked, id=6764, stack(0x0000000016a20000,0x0000000016b20000)]
  0x000000001652a000 JavaThread "C2 CompilerThread1" daemon [_thread_blocked, id=14212, stack(0x0000000016920000,0x0000000016a20000)]
=>0x0000000014da9800 JavaThread "C2 CompilerThread0" daemon [_thread_in_native, id=15100, stack(0x0000000016420000,0x0000000016520000)]
  0x0000000014da7800 JavaThread "Attach Listener" daemon [_thread_blocked, id=13244, stack(0x0000000016320000,0x0000000016420000)]
  0x0000000014da6800 JavaThread "Signal Dispatcher" daemon [_thread_blocked, id=9528, stack(0x0000000016220000,0x0000000016320000)]
  0x00000000028ae800 JavaThread "Finalizer" daemon [_thread_blocked, id=15264, stack(0x0000000016020000,0x0000000016120000)]
  0x00000000028a9000 JavaThread "Reference Handler" daemon [_thread_blocked, id=12568, stack(0x0000000015f20000,0x0000000016020000)]
  0x00000000027b9000 JavaThread "main" [_thread_in_vm, id=12144, stack(0x00000000026b0000,0x00000000027b0000)]

Other Threads:
  0x0000000014d67800 VMThread [stack: 0x0000000015e20000,0x0000000015f20000] [id=17020]
  0x0000000016583000 WatcherThread [stack: 0x0000000016c20000,0x0000000016d20000] [id=11452]

VM state:not at safepoint (normal execution)

VM Mutex/Monitor currently owned by a thread: None

Heap:
 PSYoungGen      total 138752K, used 85372K [0x00000000ebc00000, 0x00000000f6e00000, 0x0000000100000000)
  eden space 130048K, 65% used [0x00000000ebc00000,0x00000000f0f5f298,0x00000000f3b00000)
  from space 8704K, 0% used [0x00000000f4500000,0x00000000f4500000,0x00000000f4d80000)
  to   space 10240K, 0% used [0x00000000f3b00000,0x00000000f3b00000,0x00000000f4500000)
 ParOldGen       total 50688K, used 14951K [0x00000000c3400000, 0x00000000c6580000, 0x00000000ebc00000)
  object space 50688K, 29% used [0x00000000c3400000,0x00000000c4299db8,0x00000000c6580000)
 Metaspace       used 40568K, capacity 42150K, committed 42368K, reserved 1085440K
  class space    used 5441K, capacity 5754K, committed 5760K, reserved 1048576K

Card table byte_map: [0x0000000011c70000,0x0000000011e60000] byte_map_base: 0x0000000011656000

Marking Bits: (ParMarkBitMap*) 0x0000000067592d00
 Begin Bits: [0x00000000123b0000, 0x00000000132e0000)
 End Bits:   [0x00000000132e0000, 0x0000000014210000)

Polling page: 0x0000000000cf0000

CodeCache: size=245760Kb used=13426Kb max_used=13426Kb free=232333Kb
 bounds [0x00000000028b0000, 0x00000000035e0000, 0x00000000118b0000]
 total_blobs=4111 nmethods=3687 adapters=336
 compilation: enabled

Compilation events (10 events):
Event: 15.725 Thread 0x0000000014da9800 3731       4       sun.security.provider.SHA::implCompress (491 bytes)
Event: 15.726 Thread 0x000000001652d000 nmethod 3728 0x00000000035d19d0 code [0x00000000035d1e40, 0x00000000035d5028]
Event: 15.726 Thread 0x000000001652d000 3730       3       java.util.Arrays::hashCode (44 bytes)
Event: 15.726 Thread 0x000000001652d000 nmethod 3730 0x00000000035ce0d0 code [0x00000000035ce240, 0x00000000035ce490]
Event: 15.726 Thread 0x000000001652d000 3729       3       sun.security.util.DerInputStream::reset (8 bytes)
Event: 15.726 Thread 0x000000001652d000 nmethod 3729 0x00000000035cda90 code [0x00000000035cdc00, 0x00000000035cdfd0]
Event: 15.728 Thread 0x000000001652d000 3732       3       java.net.URI::access$1200 (4 bytes)
Event: 15.728 Thread 0x000000001652d000 nmethod 3732 0x00000000035cc710 code [0x00000000035cc860, 0x00000000035cc990]
Event: 15.728 Thread 0x000000001652d000 3733       3       java.net.URI::access$1300 (4 bytes)
Event: 15.729 Thread 0x000000001652d000 nmethod 3733 0x00000000035cd790 code [0x00000000035cd8e0, 0x00000000035cda10]

GC Heap History (10 events):
Event: 3.082 GC heap before
{Heap before GC invocations=8 (full 1):
 PSYoungGen      total 68608K, used 5969K [0x00000000ebc00000, 0x00000000f4300000, 0x0000000100000000)
  eden space 62464K, 0% used [0x00000000ebc00000,0x00000000ebc00000,0x00000000ef900000)
  from space 6144K, 97% used [0x00000000ef900000,0x00000000efed4520,0x00000000eff00000)
  to   space 6656K, 0% used [0x00000000f3c80000,0x00000000f3c80000,0x00000000f4300000)
 ParOldGen       total 42496K, used 7564K [0x00000000c3400000, 0x00000000c5d80000, 0x00000000ebc00000)
  object space 42496K, 17% used [0x00000000c3400000,0x00000000c3b63040,0x00000000c5d80000)
 Metaspace       used 20511K, capacity 21156K, committed 21296K, reserved 1067008K
  class space    used 2683K, capacity 2867K, committed 2944K, reserved 1048576K
Event: 3.117 GC heap after
Heap after GC invocations=8 (full 1):
 PSYoungGen      total 68608K, used 0K [0x00000000ebc00000, 0x00000000f4300000, 0x0000000100000000)
  eden space 62464K, 0% used [0x00000000ebc00000,0x00000000ebc00000,0x00000000ef900000)
  from space 6144K, 0% used [0x00000000ef900000,0x00000000ef900000,0x00000000eff00000)
  to   space 6656K, 0% used [0x00000000f3c80000,0x00000000f3c80000,0x00000000f4300000)
 ParOldGen       total 32256K, used 7899K [0x00000000c3400000, 0x00000000c5380000, 0x00000000ebc00000)
  object space 32256K, 24% used [0x00000000c3400000,0x00000000c3bb6ca0,0x00000000c5380000)
 Metaspace       used 20509K, capacity 21150K, committed 21296K, reserved 1067008K
  class space    used 2682K, capacity 2866K, committed 2944K, reserved 1048576K
}
Event: 4.961 GC heap before
{Heap before GC invocations=9 (full 1):
 PSYoungGen      total 68608K, used 62448K [0x00000000ebc00000, 0x00000000f4300000, 0x0000000100000000)
  eden space 62464K, 99% used [0x00000000ebc00000,0x00000000ef8fc0a0,0x00000000ef900000)
  from space 6144K, 0% used [0x00000000ef900000,0x00000000ef900000,0x00000000eff00000)
  to   space 6656K, 0% used [0x00000000f3c80000,0x00000000f3c80000,0x00000000f4300000)
 ParOldGen       total 32256K, used 7899K [0x00000000c3400000, 0x00000000c5380000, 0x00000000ebc00000)
  object space 32256K, 24% used [0x00000000c3400000,0x00000000c3bb6ca0,0x00000000c5380000)
 Metaspace       used 23105K, capacity 23950K, committed 24320K, reserved 1071104K
  class space    used 3000K, capacity 3202K, committed 3328K, reserved 1048576K
Event: 4.975 GC heap after
Heap after GC invocations=9 (full 1):
 PSYoungGen      total 103936K, used 4669K [0x00000000ebc00000, 0x00000000f4180000, 0x0000000100000000)
  eden space 98816K, 0% used [0x00000000ebc00000,0x00000000ebc00000,0x00000000f1c80000)
  from space 5120K, 91% used [0x00000000f3c80000,0x00000000f410f4e8,0x00000000f4180000)
  to   space 6656K, 0% used [0x00000000f3480000,0x00000000f3480000,0x00000000f3b00000)
 ParOldGen       total 32256K, used 7907K [0x00000000c3400000, 0x00000000c5380000, 0x00000000ebc00000)
  object space 32256K, 24% used [0x00000000c3400000,0x00000000c3bb8ca0,0x00000000c5380000)
 Metaspace       used 23105K, capacity 23950K, committed 24320K, reserved 1071104K
  class space    used 3000K, capacity 3202K, committed 3328K, reserved 1048576K
}
Event: 6.889 GC heap before
{Heap before GC invocations=10 (full 1):
 PSYoungGen      total 103936K, used 103485K [0x00000000ebc00000, 0x00000000f4180000, 0x0000000100000000)
  eden space 98816K, 100% used [0x00000000ebc00000,0x00000000f1c80000,0x00000000f1c80000)
  from space 5120K, 91% used [0x00000000f3c80000,0x00000000f410f4e8,0x00000000f4180000)
  to   space 6656K, 0% used [0x00000000f3480000,0x00000000f3480000,0x00000000f3b00000)
 ParOldGen       total 32256K, used 7907K [0x00000000c3400000, 0x00000000c5380000, 0x00000000ebc00000)
  object space 32256K, 24% used [0x00000000c3400000,0x00000000c3bb8ca0,0x00000000c5380000)
 Metaspace       used 29411K, capacity 30926K, committed 31104K, reserved 1077248K
  class space    used 3887K, capacity 4172K, committed 4224K, reserved 1048576K
Event: 6.902 GC heap after
Heap after GC invocations=10 (full 1):
 PSYoungGen      total 130048K, used 6652K [0x00000000ebc00000, 0x00000000f4d80000, 0x0000000100000000)
  eden space 123392K, 0% used [0x00000000ebc00000,0x00000000ebc00000,0x00000000f3480000)
  from space 6656K, 99% used [0x00000000f3480000,0x00000000f3aff2f8,0x00000000f3b00000)
  to   space 8704K, 0% used [0x00000000f4500000,0x00000000f4500000,0x00000000f4d80000)
 ParOldGen       total 32256K, used 10975K [0x00000000c3400000, 0x00000000c5380000, 0x00000000ebc00000)
  object space 32256K, 34% used [0x00000000c3400000,0x00000000c3eb7f00,0x00000000c5380000)
 Metaspace       used 29411K, capacity 30926K, committed 31104K, reserved 1077248K
  class space    used 3887K, capacity 4172K, committed 4224K, reserved 1048576K
}
Event: 8.821 GC heap before
{Heap before GC invocations=11 (full 1):
 PSYoungGen      total 130048K, used 116314K [0x00000000ebc00000, 0x00000000f4d80000, 0x0000000100000000)
  eden space 123392K, 88% used [0x00000000ebc00000,0x00000000f27175f0,0x00000000f3480000)
  from space 6656K, 99% used [0x00000000f3480000,0x00000000f3aff2f8,0x00000000f3b00000)
  to   space 8704K, 0% used [0x00000000f4500000,0x00000000f4500000,0x00000000f4d80000)
 ParOldGen       total 32256K, used 10975K [0x00000000c3400000, 0x00000000c5380000, 0x00000000ebc00000)
  object space 32256K, 34% used [0x00000000c3400000,0x00000000c3eb7f00,0x00000000c5380000)
 Metaspace       used 33870K, capacity 35394K, committed 35456K, reserved 1079296K
  class space    used 4382K, capacity 4680K, committed 4736K, reserved 1048576K
Event: 8.836 GC heap after
Heap after GC invocations=11 (full 1):
 PSYoungGen      total 138752K, used 8678K [0x00000000ebc00000, 0x00000000f6e00000, 0x0000000100000000)
  eden space 130048K, 0% used [0x00000000ebc00000,0x00000000ebc00000,0x00000000f3b00000)
  from space 8704K, 99% used [0x00000000f4500000,0x00000000f4d79af0,0x00000000f4d80000)
  to   space 10240K, 0% used [0x00000000f3b00000,0x00000000f3b00000,0x00000000f4500000)
 ParOldGen       total 32256K, used 12926K [0x00000000c3400000, 0x00000000c5380000, 0x00000000ebc00000)
  object space 32256K, 40% used [0x00000000c3400000,0x00000000c409fbc0,0x00000000c5380000)
 Metaspace       used 33870K, capacity 35394K, committed 35456K, reserved 1079296K
  class space    used 4382K, capacity 4680K, committed 4736K, reserved 1048576K
}
Event: 8.836 GC heap before
{Heap before GC invocations=12 (full 2):
 PSYoungGen      total 138752K, used 8678K [0x00000000ebc00000, 0x00000000f6e00000, 0x0000000100000000)
  eden space 130048K, 0% used [0x00000000ebc00000,0x00000000ebc00000,0x00000000f3b00000)
  from space 8704K, 99% used [0x00000000f4500000,0x00000000f4d79af0,0x00000000f4d80000)
  to   space 10240K, 0% used [0x00000000f3b00000,0x00000000f3b00000,0x00000000f4500000)
 ParOldGen       total 32256K, used 12926K [0x00000000c3400000, 0x00000000c5380000, 0x00000000ebc00000)
  object space 32256K, 40% used [0x00000000c3400000,0x00000000c409fbc0,0x00000000c5380000)
 Metaspace       used 33870K, capacity 35394K, committed 35456K, reserved 1079296K
  class space    used 4382K, capacity 4680K, committed 4736K, reserved 1048576K
Event: 8.891 GC heap after
Heap after GC invocations=12 (full 2):
 PSYoungGen      total 138752K, used 0K [0x00000000ebc00000, 0x00000000f6e00000, 0x0000000100000000)
  eden space 130048K, 0% used [0x00000000ebc00000,0x00000000ebc00000,0x00000000f3b00000)
  from space 8704K, 0% used [0x00000000f4500000,0x00000000f4500000,0x00000000f4d80000)
  to   space 10240K, 0% used [0x00000000f3b00000,0x00000000f3b00000,0x00000000f4500000)
 ParOldGen       total 50688K, used 14951K [0x00000000c3400000, 0x00000000c6580000, 0x00000000ebc00000)
  object space 50688K, 29% used [0x00000000c3400000,0x00000000c4299db8,0x00000000c6580000)
 Metaspace       used 33870K, capacity 35394K, committed 35456K, reserved 1079296K
  class space    used 4382K, capacity 4680K, committed 4736K, reserved 1048576K
}

Deoptimization events (10 events):
Event: 9.134 Thread 0x00000000027b9000 Uncommon trap: reason=class_check action=maybe_recompile pc=0x00000000033a0108 method=java.lang.StringCoding$StringDecoder.decode([BII)[C @ 30
Event: 9.135 Thread 0x00000000027b9000 Uncommon trap: reason=unstable_if action=reinterpret pc=0x0000000003365420 method=java.net.URI.match(CJJ)Z @ 45
Event: 9.143 Thread 0x00000000027b9000 Uncommon trap: reason=class_check action=maybe_recompile pc=0x00000000033a0108 method=java.lang.StringCoding$StringDecoder.decode([BII)[C @ 30
Event: 9.143 Thread 0x00000000027b9000 Uncommon trap: reason=class_check action=maybe_recompile pc=0x00000000033a0108 method=java.lang.StringCoding$StringDecoder.decode([BII)[C @ 30
Event: 9.143 Thread 0x00000000027b9000 Uncommon trap: reason=class_check action=maybe_recompile pc=0x00000000033a1968 method=java.lang.StringCoding$StringDecoder.decode([BII)[C @ 30
Event: 9.166 Thread 0x00000000027b9000 Uncommon trap: reason=unstable_if action=reinterpret pc=0x0000000002ba6c3c method=java.lang.CharacterDataLatin1.isWhitespace(I)Z @ 14
Event: 9.276 Thread 0x00000000027b9000 Uncommon trap: reason=unstable_if action=reinterpret pc=0x000000000303cbec method=java.security.CodeSource.getCertificates()[Ljava/security/cert/Certificate; @ 22
Event: 9.441 Thread 0x00000000027b9000 Uncommon trap: reason=unstable_if action=reinterpret pc=0x00000000030f3084 method=java.util.jar.JarFile.maybeInstantiateVerifier()V @ 75
Event: 9.489 Thread 0x00000000027b9000 Uncommon trap: reason=unstable_if action=reinterpret pc=0x0000000002b39c88 method=java.lang.AbstractStringBuilder.append(Ljava/lang/String;)Ljava/lang/AbstractStringBuilder; @ 1
Event: 9.508 Thread 0x00000000027b9000 Uncommon trap: reason=unstable_if action=reinterpret pc=0x000000000358aa2c method=org.springframework.core.annotation.AnnotationsScanner.processMethodAnnotations(Ljava/lang/Object;ILjava/lang/reflect/Method;Lorg/springframework/core/annotation/Annotations

Classes redefined (0 events):
No events

Internal exceptions (10 events):
Event: 6.341 Thread 0x00000000027b9000 Exception <a 'java/lang/ClassNotFoundException': org/springframework/transaction/annotation/ProxyTransactionManagementConfigurationCustomizer> (0x00000000f0f835b0) thrown at [C:\re\workspace\8-2-build-windows-amd64-cygwin\jdk8u181\11358\hotspot\src\share\
Event: 6.342 Thread 0x00000000027b9000 Exception <a 'java/lang/ClassNotFoundException': org/springframework/context/annotation/ImportAwareCustomizer> (0x00000000f0faa078) thrown at [C:\re\workspace\8-2-build-windows-amd64-cygwin\jdk8u181\11358\hotspot\src\share\vm\classfile\systemDictionary.cp
Event: 6.342 Thread 0x00000000027b9000 Exception <a 'java/lang/ClassNotFoundException': org/springframework/beans/factory/AwareCustomizer> (0x00000000f0fc85b0) thrown at [C:\re\workspace\8-2-build-windows-amd64-cygwin\jdk8u181\11358\hotspot\src\share\vm\classfile\systemDictionary.cpp, line 210
Event: 6.342 Thread 0x00000000027b9000 Implicit null exception at 0x000000000319de8c to 0x000000000319e01d
Event: 6.713 Thread 0x00000000027b9000 Implicit null exception at 0x00000000032162e7 to 0x00000000032163b5
Event: 6.748 Thread 0x00000000027b9000 Exception <a 'java/lang/NoSuchMethodError': java.lang.Object.lambda$and$0(Ljava/util/function/Predicate;Ljava/lang/Object;)Z> (0x00000000f1847aa0) thrown at [C:\re\workspace\8-2-build-windows-amd64-cygwin\jdk8u181\11358\hotspot\src\share\vm\interpreter\li
Event: 6.788 Thread 0x00000000027b9000 Implicit null exception at 0x000000000320c9c4 to 0x000000000320cb15
Event: 8.028 Thread 0x00000000027b9000 Exception <a 'java/io/FileNotFoundException'> (0x00000000f0074a98) thrown at [C:\re\workspace\8-2-build-windows-amd64-cygwin\jdk8u181\11358\hotspot\src\share\vm\prims\jni.cpp, line 709]
Event: 8.768 Thread 0x00000000027b9000 Exception <a 'java/io/FileNotFoundException'> (0x00000000f239dcb8) thrown at [C:\re\workspace\8-2-build-windows-amd64-cygwin\jdk8u181\11358\hotspot\src\share\vm\prims\jni.cpp, line 709]
Event: 9.489 Thread 0x00000000027b9000 Implicit null exception at 0x0000000002b398d6 to 0x0000000002b39c71

Events (10 events):
Event: 15.725 Thread 0x00000000027b9000 DEOPT PACKING pc=0x00000000032b8e3e sp=0x00000000027a7800
Event: 15.725 Thread 0x00000000027b9000 DEOPT UNPACKING pc=0x00000000028f7890 sp=0x00000000027a7500 mode 0
Event: 15.727 loading class sun/security/ec/SunEC$1
Event: 15.727 loading class sun/security/ec/SunEC$1 done
Event: 15.728 Thread 0x00000000027b9000 DEOPT PACKING pc=0x00000000032b8e3e sp=0x00000000027a6230
Event: 15.728 Thread 0x00000000027b9000 DEOPT UNPACKING pc=0x00000000028f7890 sp=0x00000000027a5f30 mode 0
Event: 15.728 loading class java/nio/file/Paths
Event: 15.729 loading class java/nio/file/Paths done
Event: 15.729 loading class sun/nio/fs/WindowsUriSupport
Event: 15.730 loading class sun/nio/fs/WindowsUriSupport done


Dynamic libraries:
0x00007ff6097b0000 - 0x00007ff6097e7000 	C:\Program Files\Java\jre1.8.0_181\bin\javaw.exe
0x00007ffbf7550000 - 0x00007ffbf7764000 	C:\WINDOWS\SYSTEM32\ntdll.dll
0x00007ffbf6de0000 - 0x00007ffbf6ea2000 	C:\WINDOWS\System32\KERNEL32.DLL
0x00007ffbf4bc0000 - 0x00007ffbf4f5c000 	C:\WINDOWS\System32\KERNELBASE.dll
0x00007ffbf61e0000 - 0x00007ffbf628e000 	C:\WINDOWS\System32\ADVAPI32.dll
0x00007ffbf6d30000 - 0x00007ffbf6dd7000 	C:\WINDOWS\System32\msvcrt.dll
0x00007ffbf6320000 - 0x00007ffbf63c4000 	C:\WINDOWS\System32\sechost.dll
0x00007ffbf5a90000 - 0x00007ffbf5ba5000 	C:\WINDOWS\System32\RPCRT4.dll
0x00007ffbf57a0000 - 0x00007ffbf594a000 	C:\WINDOWS\System32\USER32.dll
0x00007ffbf5020000 - 0x00007ffbf5046000 	C:\WINDOWS\System32\win32u.dll
0x00007ffbf5ef0000 - 0x00007ffbf5f19000 	C:\WINDOWS\System32\GDI32.dll
0x00007ffbf4980000 - 0x00007ffbf4a92000 	C:\WINDOWS\System32\gdi32full.dll
0x00007ffbf4aa0000 - 0x00007ffbf4b3a000 	C:\WINDOWS\System32\msvcp_win.dll
0x00007ffbf5050000 - 0x00007ffbf5161000 	C:\WINDOWS\System32\ucrtbase.dll
0x00007ffbdec70000 - 0x00007ffbdeefe000 	C:\WINDOWS\WinSxS\amd64_microsoft.windows.common-controls_6595b64144ccf1df_6.0.22621.608_none_a9444ca7c10bb01d\COMCTL32.dll
0x00007ffbf6bb0000 - 0x00007ffbf6be1000 	C:\WINDOWS\System32\IMM32.DLL
0x0000000067620000 - 0x00000000676f2000 	C:\Program Files\Java\jre1.8.0_181\bin\msvcr100.dll
0x0000000066d70000 - 0x0000000067612000 	C:\Program Files\Java\jre1.8.0_181\bin\server\jvm.dll
0x00007ffbf61c0000 - 0x00007ffbf61c8000 	C:\WINDOWS\System32\PSAPI.DLL
0x00007ffbec030000 - 0x00007ffbec064000 	C:\WINDOWS\SYSTEM32\WINMM.dll
0x00007ffbd83e0000 - 0x00007ffbd83e9000 	C:\WINDOWS\SYSTEM32\WSOCK32.dll
0x00007ffbf6f10000 - 0x00007ffbf6f81000 	C:\WINDOWS\System32\WS2_32.dll
0x00007ffbed920000 - 0x00007ffbed92a000 	C:\WINDOWS\SYSTEM32\VERSION.dll
0x0000000066d60000 - 0x0000000066d6f000 	C:\Program Files\Java\jre1.8.0_181\bin\verify.dll
0x0000000066d30000 - 0x0000000066d59000 	C:\Program Files\Java\jre1.8.0_181\bin\java.dll
0x0000000066d10000 - 0x0000000066d26000 	C:\Program Files\Java\jre1.8.0_181\bin\zip.dll
0x00007ffbf63d0000 - 0x00007ffbf6bad000 	C:\WINDOWS\System32\SHELL32.dll
0x00007ffbf2990000 - 0x00007ffbf3247000 	C:\WINDOWS\SYSTEM32\windows.storage.dll
0x00007ffbf5410000 - 0x00007ffbf5799000 	C:\WINDOWS\System32\combase.dll
0x00007ffbf2850000 - 0x00007ffbf298d000 	C:\WINDOWS\SYSTEM32\wintypes.dll
0x00007ffbf5f20000 - 0x00007ffbf6011000 	C:\WINDOWS\System32\SHCORE.dll
0x00007ffbf6eb0000 - 0x00007ffbf6f0e000 	C:\WINDOWS\System32\shlwapi.dll
0x00007ffbf48b0000 - 0x00007ffbf48d1000 	C:\WINDOWS\SYSTEM32\profapi.dll
0x0000000066d00000 - 0x0000000066d0d000 	C:\Program Files\Java\jre1.8.0_181\bin\management.dll
0x0000000066ca0000 - 0x0000000066cba000 	C:\Program Files\Java\jre1.8.0_181\bin\net.dll
0x00007ffbf3e20000 - 0x00007ffbf3e89000 	C:\WINDOWS\system32\mswsock.dll
0x00007ffbb68a0000 - 0x00007ffbb68b7000 	C:\WINDOWS\system32\napinsp.dll
0x00007ffbb39a0000 - 0x00007ffbb39bb000 	C:\WINDOWS\system32\pnrpnsp.dll
0x00007ffbf3560000 - 0x00007ffbf3652000 	C:\WINDOWS\SYSTEM32\DNSAPI.dll
0x00007ffbf34e0000 - 0x00007ffbf350d000 	C:\WINDOWS\SYSTEM32\IPHLPAPI.DLL
0x00007ffbf5a80000 - 0x00007ffbf5a89000 	C:\WINDOWS\System32\NSI.dll
0x00007ffbb3950000 - 0x00007ffbb3961000 	C:\WINDOWS\System32\winrnr.dll
0x00007ffbe9f20000 - 0x00007ffbe9f35000 	C:\WINDOWS\system32\wshbth.dll
0x00007ffbb3920000 - 0x00007ffbb3941000 	C:\WINDOWS\system32\nlansp_c.dll
0x00007ffbe3610000 - 0x00007ffbe361a000 	C:\Windows\System32\rasadhlp.dll
0x00007ffbe9ae0000 - 0x00007ffbe9b63000 	C:\WINDOWS\System32\fwpuclnt.dll
0x0000000066c80000 - 0x0000000066c91000 	C:\Program Files\Java\jre1.8.0_181\bin\nio.dll
0x00007ffbf4050000 - 0x00007ffbf406b000 	C:\WINDOWS\SYSTEM32\CRYPTSP.dll
0x00007ffbf3930000 - 0x00007ffbf3965000 	C:\WINDOWS\system32\rsaenh.dll
0x00007ffbf3ee0000 - 0x00007ffbf3f08000 	C:\WINDOWS\SYSTEM32\USERENV.dll
0x00007ffbf4240000 - 0x00007ffbf4268000 	C:\WINDOWS\SYSTEM32\bcrypt.dll
0x00007ffbf4b40000 - 0x00007ffbf4bbb000 	C:\WINDOWS\System32\bcryptprimitives.dll
0x00007ffbf4070000 - 0x00007ffbf407c000 	C:\WINDOWS\SYSTEM32\CRYPTBASE.dll
0x00007ffbebac0000 - 0x00007ffbebad9000 	C:\WINDOWS\SYSTEM32\dhcpcsvc6.DLL
0x00007ffbebaa0000 - 0x00007ffbebabf000 	C:\WINDOWS\SYSTEM32\dhcpcsvc.DLL
0x0000000066cd0000 - 0x0000000066cf4000 	C:\Program Files\Java\jre1.8.0_181\bin\sunec.dll

VM Arguments:
jvm_args: -Dfile.encoding=UTF-8 
java_command: com.laptrinhoop.SpringBootWebsales2020Application
java_class_path (initial): C:\Users\tuan anh\Desktop\java-v3\ecommerce-websales-main\target\classes;C:\Users\tuan anh\.m2\repository\org\apache\logging\log4j\log4j-core\2.11.1\log4j-core-2.11.1.jar;C:\Users\tuan anh\.m2\repository\org\apache\logging\log4j\log4j-api\2.12.1\log4j-api-2.12.1.jar;C:\Users\tuan anh\.m2\repository\org\springframework\boot\spring-boot-starter-amqp\2.2.1.RELEASE\spring-boot-starter-amqp-2.2.1.RELEASE.jar;C:\Users\tuan anh\.m2\repository\org\springframework\boot\spring-boot-starter\2.2.1.RELEASE\spring-boot-starter-2.2.1.RELEASE.jar;C:\Users\tuan anh\.m2\repository\org\springframework\boot\spring-boot\2.2.1.RELEASE\spring-boot-2.2.1.RELEASE.jar;C:\Users\tuan anh\.m2\repository\org\springframework\boot\spring-boot-autoconfigure\2.2.1.RELEASE\spring-boot-autoconfigure-2.2.1.RELEASE.jar;C:\Users\tuan anh\.m2\repository\org\springframework\boot\spring-boot-starter-logging\2.2.1.RELEASE\spring-boot-starter-logging-2.2.1.RELEASE.jar;C:\Users\tuan anh\.m2\repository\ch\qos\logback\logback-classic\1.2.3\logback-classic-1.2.3.jar;C:\Users\tuan anh\.m2\repository\ch\qos\logback\logback-core\1.2.3\logback-core-1.2.3.jar;C:\Users\tuan anh\.m2\repository\org\apache\logging\log4j\log4j-to-slf4j\2.12.1\log4j-to-slf4j-2.12.1.jar;C:\Users\tuan anh\.m2\repository\org\slf4j\jul-to-slf4j\1.7.29\jul-to-slf4j-1.7.29.jar;C:\Users\tuan anh\.m2\repository\org\yaml\snakeyaml\1.25\snakeyaml-1.25.jar;C:\Users\tuan anh\.m2\repository\org\springframework\spring-messaging\5.2.1.RELEASE\spring-messaging-5.2.1.RELEASE.jar;C:\Users\tuan anh\.m2\repository\org\springframework\spring-beans\5.2.1.RELEASE\spring-beans-5.2.1.RELEASE.jar;C:\Users\tuan anh\.m2\repository\org\springframework\amqp\spring-rabbit\2.2.1.RELEASE\spring-rabbit-2.2.1.RELEASE.jar;C:\Users\tuan anh\.m2\repository\com\rabbitmq\amqp-client\5.7.3\amqp-client-5.7.3.jar;C:\Users\tuan anh\.m2\repository\org\springframework\amqp\spring-amqp\2.2.1.RELEASE\spring-amqp-2.2.1.RELEASE.jar;C:\Users\tuan anh\.m2\reposit
Launcher Type: SUN_STANDARD

Environment Variables:
CLASSPATH=C:\Program Files\Java\jdk-18\lib
PATH=C:/Users/tuan anh/Desktop/eclipse//plugins/org.eclipse.justj.openjdk.hotspot.jre.full.win32.x86_64_17.0.4.v20220903-1038/jre/bin/server;C:/Users/tuan anh/Desktop/eclipse//plugins/org.eclipse.justj.openjdk.hotspot.jre.full.win32.x86_64_17.0.4.v20220903-1038/jre/bin;C:\Program Files (x86)\Common Files\Oracle\Java\javapath;C:\Program Files (x86)\Common Files\Intel\Shared Libraries\redist\intel64\compiler;C:\WINDOWS\system32;C:\WINDOWS;C:\WINDOWS\System32\Wbem;C:\WINDOWS\System32\WindowsPowerShell\v1.0\;C:\WINDOWS\System32\OpenSSH\;C:\Program Files\dotnet\;C:\Program Files\Microsoft SQL Server\Client SDK\ODBC\170\Tools\Binn\;C:\Program Files\Git\cmd;C:\Program Files (x86)\Microsoft SQL Server\150\Tools\Binn\;C:\Program Files\Microsoft SQL Server\150\Tools\Binn\;C:\Program Files\Microsoft SQL Server\150\DTS\Binn\;C:\Program Files\Azure Data Studio\bin;C:\Program Files\nodejs\;C:\Program Files\Docker\Docker\resources\bin;C:\ProgramData\DockerDesktop\version-bin;C:\WINDOWS\system32;C:\WINDOWS;C:\WINDOWS\System32\Wbem;C:\WINDOWS\System32\WindowsPowerShell\v1.0\;C:\WINDOWS\System32\OpenSSH\;C:\Program Files\Cloudflare\Cloudflare WARP\;C:\Users\tuan anh\Documents\apache-maven-3.8.6\bin;C:\Program Files (x86)\Microsoft SQL Server\150\DTS\Binn\;C:\Program Files\MySQL\MySQL Shell 8.0\bin\;C:\Program Files\Java\jdk1.8.0_181\bin;C:\Users\tuan anh\.dotnet\tools;C:\Users\tuan anh\AppData\Local\Programs\Microsoft VS Code\bin;C:\Users\tuan anh\AppData\Roaming\npm;C:\Users\tuan anh\AppData\Local\Programs\Azure Data Studio\bin;C:\Users\tuan anh\AppData\Local\Microsoft\WindowsApps;;C:\Users\tuan anh\Desktop\eclipse;
USERNAME=tuan anh
OS=Windows_NT
PROCESSOR_IDENTIFIER=Intel64 Family 6 Model 126 Stepping 5, GenuineIntel



---------------  S Y S T E M  ---------------

OS: Windows 10.0 , 64 bit Build 22621 (10.0.22621.608)

CPU:total 4 (initial active 4) (2 cores per cpu, 2 threads per core) family 6 model 126 stepping 5, cmov, cx8, fxsr, mmx, sse, sse2, sse3, ssse3, sse4.1, sse4.2, popcnt, avx, avx2, aes, clmul, erms, 3dnowpref, lzcnt, ht, tsc, tscinvbit, bmi1, bmi2, adx

Memory: 4k page, physical 3978360k(258700k free), swap 16036984k(3392k free)

vm_info: Java HotSpot(TM) 64-Bit Server VM (25.181-b13) for windows-amd64 JRE (1.8.0_181-b13), built on Jul  7 2018 04:01:33 by "java_re" with MS VC++ 10.0 (VS2010)

time: Wed Oct 26 23:12:39 2022
elapsed time: 15 seconds (0d 0h 0m 15s)

